[2026-03-11 20:47:29] 启动 Neo4j 服务...
Directories in use:
home:         C:\Users\84001\.Neo4jDesktop2\Data\dbmss\dbms-8a8bdfe7-99ef-41f8-b5a9-f8826a9fb764
config:       C:\Users\84001\.Neo4jDesktop2\Data\dbmss\dbms-8a8bdfe7-99ef-41f8-b5a9-f8826a9fb764\conf
logs:         C:\Users\84001\.Neo4jDesktop2\Data\dbmss\dbms-8a8bdfe7-99ef-41f8-b5a9-f8826a9fb764\logs
plugins:      C:\Users\84001\.Neo4jDesktop2\Data\dbmss\dbms-8a8bdfe7-99ef-41f8-b5a9-f8826a9fb764\plugins
import:       C:\Users\84001\.Neo4jDesktop2\Data\dbmss\dbms-8a8bdfe7-99ef-41f8-b5a9-f8826a9fb764\import
data:         C:\Users\84001\.Neo4jDesktop2\Data\dbmss\dbms-8a8bdfe7-99ef-41f8-b5a9-f8826a9fb764\data
certificates: C:\Users\84001\.Neo4jDesktop2\Data\dbmss\dbms-8a8bdfe7-99ef-41f8-b5a9-f8826a9fb764\certificates
licenses:     C:\Users\84001\.Neo4jDesktop2\Data\dbmss\dbms-8a8bdfe7-99ef-41f8-b5a9-f8826a9fb764\licenses
run:          C:\Users\84001\.Neo4jDesktop2\Data\dbmss\dbms-8a8bdfe7-99ef-41f8-b5a9-f8826a9fb764\run
Starting Neo4j.
2026-03-11 12:47:33.671+0000 INFO  Logging config in use: File 'C:\Users\84001\.Neo4jDesktop2\Data\dbmss\dbms-8a8bdfe7-99ef-41f8-b5a9-f8826a9fb764\conf\user-logs.xml'
2026-03-11 12:47:33.682+0000 ERROR 
----------------------------------LICENSE AGREEMENT REQUIRED-----------------------------------

In order to use Neo4j Enterprise Edition you must accept the license agreement.

The license agreement is available at https://neo4j.com/terms/licensing/
If you have a support contract the following terms apply https://neo4j.com/terms/support-terms/

If you do not have a commercial license and want to evaluate the Software
please read the terms of the evaluation agreement before you accept.
https://neo4j.com/terms/enterprise_us/

(c) Neo4j Sweden AB. All Rights Reserved.
Use of this Software without a proper commercial license, or evaluation license
with Neo4j, Inc. or its affiliates is prohibited.
Neo4j has the right to terminate your usage if you are not compliant.

Please contact us about licensing via https://neo4j.com/contact-us/

More information is also available at: https://neo4j.com/licensing/

To accept the commercial license agreement, run
    neo4j-admin server license --accept-commercial
To accept the terms of the evaluation agreement, run
    neo4j-admin server license --accept-evaluation

----------------------------------LICENSE AGREEMENT REQUIRED-----------------------------------


2026-03-11 12:47:33.875+0000 INFO  Starting...
2026-03-11 12:47:36.698+0000 INFO  ======== Neo4j 2025.11.2 ========
2026-03-11 12:47:36.934+0000 INFO  This instance is ServerId{79f1ad83} (79f1ad83-bbbe-4bb3-a5a6-ffc31ee18d82)
2026-03-11 12:47:37.812+0000 INFO  Resolved endpoints with LIST{endpoints:'[localhost:6000]'} to '[localhost:6000]'
2026-03-11 12:47:37.967+0000 INFO  Resolved endpoints with LIST{endpoints:'[localhost:6000]'} to '[localhost:6000]'
2026-03-11 12:47:39.624+0000 INFO  Sending metrics to CSV file at C:\Users\84001\.Neo4jDesktop2\Data\dbmss\dbms-8a8bdfe7-99ef-41f8-b5a9-f8826a9fb764\metrics
2026-03-11 12:47:39.657+0000 INFO  Anonymous Usage Data is being sent to Neo4j, see https://neo4j.com/docs/usage-data/
2026-03-11 12:47:39.666+0000 INFO  Bolt enabled on localhost:7687.
2026-03-11 12:47:39.669+0000 INFO  Bolt (Routing) enabled on localhost:7688.
2026-03-11 12:47:40.750+0000 INFO  HTTP enabled on localhost:7474.
2026-03-11 12:47:40.750+0000 INFO  Remote interface available at http://localhost:7474/
2026-03-11 12:47:40.753+0000 INFO  id: 51B88FE8543F11168E8F0E536E3C9C25BE593A1C1E519117C499593231B095A9
2026-03-11 12:47:40.753+0000 INFO  name: system
2026-03-11 12:47:40.754+0000 INFO  creationDate: 2026-01-08T06:17:30.718Z
2026-03-11 12:47:40.754+0000 INFO  Started.
Neo4j web server failed to start. See log for more info.
Run with '--verbose' for a more detailed error message.
[2026-03-11 21:01:06] 启动 Neo4j 服务...
Directories in use:
home:         C:\Users\84001\.Neo4jDesktop2\Data\dbmss\dbms-8a8bdfe7-99ef-41f8-b5a9-f8826a9fb764
config:       C:\Users\84001\.Neo4jDesktop2\Data\dbmss\dbms-8a8bdfe7-99ef-41f8-b5a9-f8826a9fb764\conf
logs:         C:\Users\84001\.Neo4jDesktop2\Data\dbmss\dbms-8a8bdfe7-99ef-41f8-b5a9-f8826a9fb764\logs
plugins:      C:\Users\84001\.Neo4jDesktop2\Data\dbmss\dbms-8a8bdfe7-99ef-41f8-b5a9-f8826a9fb764\plugins
import:       C:\Users\84001\.Neo4jDesktop2\Data\dbmss\dbms-8a8bdfe7-99ef-41f8-b5a9-f8826a9fb764\import
data:         C:\Users\84001\.Neo4jDesktop2\Data\dbmss\dbms-8a8bdfe7-99ef-41f8-b5a9-f8826a9fb764\data
certificates: C:\Users\84001\.Neo4jDesktop2\Data\dbmss\dbms-8a8bdfe7-99ef-41f8-b5a9-f8826a9fb764\certificates
licenses:     C:\Users\84001\.Neo4jDesktop2\Data\dbmss\dbms-8a8bdfe7-99ef-41f8-b5a9-f8826a9fb764\licenses
run:          C:\Users\84001\.Neo4jDesktop2\Data\dbmss\dbms-8a8bdfe7-99ef-41f8-b5a9-f8826a9fb764\run
Starting Neo4j.
2026-03-11 13:01:10.219+0000 INFO  Logging config in use: File 'C:\Users\84001\.Neo4jDesktop2\Data\dbmss\dbms-8a8bdfe7-99ef-41f8-b5a9-f8826a9fb764\conf\user-logs.xml'
2026-03-11 13:01:10.229+0000 ERROR 
----------------------------------LICENSE AGREEMENT REQUIRED-----------------------------------

In order to use Neo4j Enterprise Edition you must accept the license agreement.

The license agreement is available at https://neo4j.com/terms/licensing/
If you have a support contract the following terms apply https://neo4j.com/terms/support-terms/

If you do not have a commercial license and want to evaluate the Software
please read the terms of the evaluation agreement before you accept.
https://neo4j.com/terms/enterprise_us/

(c) Neo4j Sweden AB. All Rights Reserved.
Use of this Software without a proper commercial license, or evaluation license
with Neo4j, Inc. or its affiliates is prohibited.
Neo4j has the right to terminate your usage if you are not compliant.

Please contact us about licensing via https://neo4j.com/contact-us/

More information is also available at: https://neo4j.com/licensing/

To accept the commercial license agreement, run
    neo4j-admin server license --accept-commercial
To accept the terms of the evaluation agreement, run
    neo4j-admin server license --accept-evaluation

----------------------------------LICENSE AGREEMENT REQUIRED-----------------------------------


2026-03-11 13:01:10.415+0000 INFO  Starting...
2026-03-11 13:01:13.483+0000 INFO  ======== Neo4j 2025.11.2 ========
2026-03-11 13:01:13.710+0000 INFO  This instance is ServerId{79f1ad83} (79f1ad83-bbbe-4bb3-a5a6-ffc31ee18d82)
2026-03-11 13:01:14.599+0000 INFO  Resolved endpoints with LIST{endpoints:'[localhost:6000]'} to '[localhost:6000]'
2026-03-11 13:01:14.745+0000 INFO  Resolved endpoints with LIST{endpoints:'[localhost:6000]'} to '[localhost:6000]'
2026-03-11 13:01:16.691+0000 INFO  Sending metrics to CSV file at C:\Users\84001\.Neo4jDesktop2\Data\dbmss\dbms-8a8bdfe7-99ef-41f8-b5a9-f8826a9fb764\metrics
2026-03-11 13:01:16.732+0000 INFO  Anonymous Usage Data is being sent to Neo4j, see https://neo4j.com/docs/usage-data/
2026-03-11 13:01:16.746+0000 INFO  Bolt enabled on localhost:7687.
2026-03-11 13:01:16.751+0000 INFO  Bolt (Routing) enabled on localhost:7688.
2026-03-11 13:01:18.179+0000 INFO  HTTP enabled on localhost:7474.
2026-03-11 13:01:18.180+0000 INFO  Remote interface available at http://localhost:7474/
2026-03-11 13:01:18.183+0000 INFO  id: 51B88FE8543F11168E8F0E536E3C9C25BE593A1C1E519117C499593231B095A9
2026-03-11 13:01:18.185+0000 INFO  name: system
2026-03-11 13:01:18.185+0000 INFO  creationDate: 2026-01-08T06:17:30.718Z
2026-03-11 13:01:18.185+0000 INFO  Started.
Neo4j web server failed to start. See log for more info.
Run with '--verbose' for a more detailed error message.
[2026-03-11 21:03:06] 启动 Neo4j 服务...
Directories in use:
home:         C:\Users\84001\.Neo4jDesktop2\Data\dbmss\dbms-8a8bdfe7-99ef-41f8-b5a9-f8826a9fb764
config:       C:\Users\84001\.Neo4jDesktop2\Data\dbmss\dbms-8a8bdfe7-99ef-41f8-b5a9-f8826a9fb764\conf
logs:         C:\Users\84001\.Neo4jDesktop2\Data\dbmss\dbms-8a8bdfe7-99ef-41f8-b5a9-f8826a9fb764\logs
plugins:      C:\Users\84001\.Neo4jDesktop2\Data\dbmss\dbms-8a8bdfe7-99ef-41f8-b5a9-f8826a9fb764\plugins
import:       C:\Users\84001\.Neo4jDesktop2\Data\dbmss\dbms-8a8bdfe7-99ef-41f8-b5a9-f8826a9fb764\import
data:         C:\Users\84001\.Neo4jDesktop2\Data\dbmss\dbms-8a8bdfe7-99ef-41f8-b5a9-f8826a9fb764\data
certificates: C:\Users\84001\.Neo4jDesktop2\Data\dbmss\dbms-8a8bdfe7-99ef-41f8-b5a9-f8826a9fb764\certificates
licenses:     C:\Users\84001\.Neo4jDesktop2\Data\dbmss\dbms-8a8bdfe7-99ef-41f8-b5a9-f8826a9fb764\licenses
run:          C:\Users\84001\.Neo4jDesktop2\Data\dbmss\dbms-8a8bdfe7-99ef-41f8-b5a9-f8826a9fb764\run
Starting Neo4j.
2026-03-11 13:03:11.028+0000 INFO  Logging config in use: File 'C:\Users\84001\.Neo4jDesktop2\Data\dbmss\dbms-8a8bdfe7-99ef-41f8-b5a9-f8826a9fb764\conf\user-logs.xml'
2026-03-11 13:03:11.039+0000 ERROR 
----------------------------------LICENSE AGREEMENT REQUIRED-----------------------------------

In order to use Neo4j Enterprise Edition you must accept the license agreement.

The license agreement is available at https://neo4j.com/terms/licensing/
If you have a support contract the following terms apply https://neo4j.com/terms/support-terms/

If you do not have a commercial license and want to evaluate the Software
please read the terms of the evaluation agreement before you accept.
https://neo4j.com/terms/enterprise_us/

(c) Neo4j Sweden AB. All Rights Reserved.
Use of this Software without a proper commercial license, or evaluation license
with Neo4j, Inc. or its affiliates is prohibited.
Neo4j has the right to terminate your usage if you are not compliant.

Please contact us about licensing via https://neo4j.com/contact-us/

More information is also available at: https://neo4j.com/licensing/

To accept the commercial license agreement, run
    neo4j-admin server license --accept-commercial
To accept the terms of the evaluation agreement, run
    neo4j-admin server license --accept-evaluation

----------------------------------LICENSE AGREEMENT REQUIRED-----------------------------------


2026-03-11 13:03:11.233+0000 INFO  Starting...
2026-03-11 13:03:14.422+0000 INFO  ======== Neo4j 2025.11.2 ========
2026-03-11 13:03:14.733+0000 INFO  This instance is ServerId{79f1ad83} (79f1ad83-bbbe-4bb3-a5a6-ffc31ee18d82)
2026-03-11 13:03:15.782+0000 INFO  Resolved endpoints with LIST{endpoints:'[localhost:6000]'} to '[localhost:6000]'
2026-03-11 13:03:15.988+0000 INFO  Resolved endpoints with LIST{endpoints:'[localhost:6000]'} to '[localhost:6000]'
2026-03-11 13:03:18.054+0000 INFO  Sending metrics to CSV file at C:\Users\84001\.Neo4jDesktop2\Data\dbmss\dbms-8a8bdfe7-99ef-41f8-b5a9-f8826a9fb764\metrics
2026-03-11 13:03:18.092+0000 INFO  Anonymous Usage Data is being sent to Neo4j, see https://neo4j.com/docs/usage-data/
2026-03-11 13:03:18.104+0000 INFO  Bolt enabled on localhost:7687.
2026-03-11 13:03:18.107+0000 INFO  Bolt (Routing) enabled on localhost:7688.
2026-03-11 13:03:19.455+0000 INFO  HTTP enabled on localhost:7474.
2026-03-11 13:03:19.457+0000 INFO  Remote interface available at http://localhost:7474/
2026-03-11 13:03:19.459+0000 INFO  id: 51B88FE8543F11168E8F0E536E3C9C25BE593A1C1E519117C499593231B095A9
2026-03-11 13:03:19.459+0000 INFO  name: system
2026-03-11 13:03:19.460+0000 INFO  creationDate: 2026-01-08T06:17:30.718Z
2026-03-11 13:03:19.460+0000 INFO  Started.
Neo4j web server failed to start. See log for more info.
Run with '--verbose' for a more detailed error message.
[2026-03-13 15:18:33] 启动 Neo4j 服务...
Directories in use:
home:         C:\Users\84001\.Neo4jDesktop2\Data\dbmss\dbms-8a8bdfe7-99ef-41f8-b5a9-f8826a9fb764
config:       C:\Users\84001\.Neo4jDesktop2\Data\dbmss\dbms-8a8bdfe7-99ef-41f8-b5a9-f8826a9fb764\conf
logs:         C:\Users\84001\.Neo4jDesktop2\Data\dbmss\dbms-8a8bdfe7-99ef-41f8-b5a9-f8826a9fb764\logs
plugins:      C:\Users\84001\.Neo4jDesktop2\Data\dbmss\dbms-8a8bdfe7-99ef-41f8-b5a9-f8826a9fb764\plugins
import:       C:\Users\84001\.Neo4jDesktop2\Data\dbmss\dbms-8a8bdfe7-99ef-41f8-b5a9-f8826a9fb764\import
data:         C:\Users\84001\.Neo4jDesktop2\Data\dbmss\dbms-8a8bdfe7-99ef-41f8-b5a9-f8826a9fb764\data
certificates: C:\Users\84001\.Neo4jDesktop2\Data\dbmss\dbms-8a8bdfe7-99ef-41f8-b5a9-f8826a9fb764\certificates
licenses:     C:\Users\84001\.Neo4jDesktop2\Data\dbmss\dbms-8a8bdfe7-99ef-41f8-b5a9-f8826a9fb764\licenses
run:          C:\Users\84001\.Neo4jDesktop2\Data\dbmss\dbms-8a8bdfe7-99ef-41f8-b5a9-f8826a9fb764\run
Starting Neo4j.
2026-03-13 07:18:41.910+0000 INFO  Logging config in use: File 'C:\Users\84001\.Neo4jDesktop2\Data\dbmss\dbms-8a8bdfe7-99ef-41f8-b5a9-f8826a9fb764\conf\user-logs.xml'
2026-03-13 07:18:41.931+0000 ERROR 
----------------------------------LICENSE AGREEMENT REQUIRED-----------------------------------

In order to use Neo4j Enterprise Edition you must accept the license agreement.

The license agreement is available at https://neo4j.com/terms/licensing/
If you have a support contract the following terms apply https://neo4j.com/terms/support-terms/

If you do not have a commercial license and want to evaluate the Software
please read the terms of the evaluation agreement before you accept.
https://neo4j.com/terms/enterprise_us/

(c) Neo4j Sweden AB. All Rights Reserved.
Use of this Software without a proper commercial license, or evaluation license
with Neo4j, Inc. or its affiliates is prohibited.
Neo4j has the right to terminate your usage if you are not compliant.

Please contact us about licensing via https://neo4j.com/contact-us/

More information is also available at: https://neo4j.com/licensing/

To accept the commercial license agreement, run
    neo4j-admin server license --accept-commercial
To accept the terms of the evaluation agreement, run
    neo4j-admin server license --accept-evaluation

----------------------------------LICENSE AGREEMENT REQUIRED-----------------------------------


2026-03-13 07:18:42.378+0000 INFO  Starting...
2026-03-13 07:18:47.994+0000 INFO  ======== Neo4j 2025.11.2 ========
2026-03-13 07:18:48.341+0000 INFO  This instance is ServerId{79f1ad83} (79f1ad83-bbbe-4bb3-a5a6-ffc31ee18d82)
2026-03-13 07:18:49.529+0000 INFO  Resolved endpoints with LIST{endpoints:'[localhost:6000]'} to '[localhost:6000]'
2026-03-13 07:18:49.778+0000 INFO  Resolved endpoints with LIST{endpoints:'[localhost:6000]'} to '[localhost:6000]'
2026-03-13 07:18:52.537+0000 INFO  Sending metrics to CSV file at C:\Users\84001\.Neo4jDesktop2\Data\dbmss\dbms-8a8bdfe7-99ef-41f8-b5a9-f8826a9fb764\metrics
2026-03-13 07:18:52.583+0000 INFO  Anonymous Usage Data is being sent to Neo4j, see https://neo4j.com/docs/usage-data/
2026-03-13 07:18:52.598+0000 INFO  Bolt enabled on localhost:7687.
2026-03-13 07:18:52.600+0000 INFO  Bolt (Routing) enabled on localhost:7688.
2026-03-13 07:18:54.422+0000 INFO  HTTP enabled on localhost:7474.
2026-03-13 07:18:54.424+0000 INFO  Remote interface available at http://localhost:7474/
2026-03-13 07:18:54.427+0000 INFO  id: 51B88FE8543F11168E8F0E536E3C9C25BE593A1C1E519117C499593231B095A9
2026-03-13 07:18:54.428+0000 INFO  name: system
2026-03-13 07:18:54.428+0000 INFO  creationDate: 2026-01-08T06:17:30.718Z
2026-03-13 07:18:54.428+0000 INFO  Started.
Neo4j web server failed to start. See log for more info.
Run with '--verbose' for a more detailed error message.
[2026-03-13 16:42:54] 启动 Neo4j 服务...
Directories in use:
home:         C:\Users\84001\.Neo4jDesktop2\Data\dbmss\dbms-8a8bdfe7-99ef-41f8-b5a9-f8826a9fb764
config:       C:\Users\84001\.Neo4jDesktop2\Data\dbmss\dbms-8a8bdfe7-99ef-41f8-b5a9-f8826a9fb764\conf
logs:         C:\Users\84001\.Neo4jDesktop2\Data\dbmss\dbms-8a8bdfe7-99ef-41f8-b5a9-f8826a9fb764\logs
plugins:      C:\Users\84001\.Neo4jDesktop2\Data\dbmss\dbms-8a8bdfe7-99ef-41f8-b5a9-f8826a9fb764\plugins
import:       C:\Users\84001\.Neo4jDesktop2\Data\dbmss\dbms-8a8bdfe7-99ef-41f8-b5a9-f8826a9fb764\import
data:         C:\Users\84001\.Neo4jDesktop2\Data\dbmss\dbms-8a8bdfe7-99ef-41f8-b5a9-f8826a9fb764\data
certificates: C:\Users\84001\.Neo4jDesktop2\Data\dbmss\dbms-8a8bdfe7-99ef-41f8-b5a9-f8826a9fb764\certificates
licenses:     C:\Users\84001\.Neo4jDesktop2\Data\dbmss\dbms-8a8bdfe7-99ef-41f8-b5a9-f8826a9fb764\licenses
run:          C:\Users\84001\.Neo4jDesktop2\Data\dbmss\dbms-8a8bdfe7-99ef-41f8-b5a9-f8826a9fb764\run
Starting Neo4j.
2026-03-13 08:43:04.701+0000 INFO  Logging config in use: File 'C:\Users\84001\.Neo4jDesktop2\Data\dbmss\dbms-8a8bdfe7-99ef-41f8-b5a9-f8826a9fb764\conf\user-logs.xml'
2026-03-13 08:43:04.735+0000 ERROR 
----------------------------------LICENSE AGREEMENT REQUIRED-----------------------------------

In order to use Neo4j Enterprise Edition you must accept the license agreement.

The license agreement is available at https://neo4j.com/terms/licensing/
If you have a support contract the following terms apply https://neo4j.com/terms/support-terms/

If you do not have a commercial license and want to evaluate the Software
please read the terms of the evaluation agreement before you accept.
https://neo4j.com/terms/enterprise_us/

(c) Neo4j Sweden AB. All Rights Reserved.
Use of this Software without a proper commercial license, or evaluation license
with Neo4j, Inc. or its affiliates is prohibited.
Neo4j has the right to terminate your usage if you are not compliant.

Please contact us about licensing via https://neo4j.com/contact-us/

More information is also available at: https://neo4j.com/licensing/

To accept the commercial license agreement, run
    neo4j-admin server license --accept-commercial
To accept the terms of the evaluation agreement, run
    neo4j-admin server license --accept-evaluation

----------------------------------LICENSE AGREEMENT REQUIRED-----------------------------------


2026-03-13 08:43:05.379+0000 INFO  Starting...
2026-03-13 08:43:14.206+0000 INFO  ======== Neo4j 2025.11.2 ========
2026-03-13 08:43:14.954+0000 INFO  This instance is ServerId{79f1ad83} (79f1ad83-bbbe-4bb3-a5a6-ffc31ee18d82)
2026-03-13 08:43:17.105+0000 INFO  Resolved endpoints with LIST{endpoints:'[localhost:6000]'} to '[localhost:6000]'
2026-03-13 08:43:17.505+0000 INFO  Resolved endpoints with LIST{endpoints:'[localhost:6000]'} to '[localhost:6000]'
2026-03-13 08:43:21.412+0000 INFO  Sending metrics to CSV file at C:\Users\84001\.Neo4jDesktop2\Data\dbmss\dbms-8a8bdfe7-99ef-41f8-b5a9-f8826a9fb764\metrics
2026-03-13 08:43:21.490+0000 INFO  Anonymous Usage Data is being sent to Neo4j, see https://neo4j.com/docs/usage-data/
2026-03-13 08:43:21.511+0000 INFO  Bolt enabled on localhost:7687.
2026-03-13 08:43:21.514+0000 INFO  Bolt (Routing) enabled on localhost:7688.
2026-03-13 08:43:24.338+0000 INFO  HTTP enabled on localhost:7474.
2026-03-13 08:43:24.339+0000 INFO  Remote interface available at http://localhost:7474/
2026-03-13 08:43:24.344+0000 INFO  id: 51B88FE8543F11168E8F0E536E3C9C25BE593A1C1E519117C499593231B095A9
2026-03-13 08:43:24.344+0000 INFO  name: system
2026-03-13 08:43:24.344+0000 INFO  creationDate: 2026-01-08T06:17:30.718Z
2026-03-13 08:43:24.346+0000 INFO  Started.
Neo4j web server failed to start. See log for more info.
Run with '--verbose' for a more detailed error message.
[2026-03-13 17:21:24] 启动 Neo4j 服务...
Directories in use:
home:         C:\Users\84001\.Neo4jDesktop2\Data\dbmss\dbms-8a8bdfe7-99ef-41f8-b5a9-f8826a9fb764
config:       C:\Users\84001\.Neo4jDesktop2\Data\dbmss\dbms-8a8bdfe7-99ef-41f8-b5a9-f8826a9fb764\conf
logs:         C:\Users\84001\.Neo4jDesktop2\Data\dbmss\dbms-8a8bdfe7-99ef-41f8-b5a9-f8826a9fb764\logs
plugins:      C:\Users\84001\.Neo4jDesktop2\Data\dbmss\dbms-8a8bdfe7-99ef-41f8-b5a9-f8826a9fb764\plugins
import:       C:\Users\84001\.Neo4jDesktop2\Data\dbmss\dbms-8a8bdfe7-99ef-41f8-b5a9-f8826a9fb764\import
data:         C:\Users\84001\.Neo4jDesktop2\Data\dbmss\dbms-8a8bdfe7-99ef-41f8-b5a9-f8826a9fb764\data
certificates: C:\Users\84001\.Neo4jDesktop2\Data\dbmss\dbms-8a8bdfe7-99ef-41f8-b5a9-f8826a9fb764\certificates
licenses:     C:\Users\84001\.Neo4jDesktop2\Data\dbmss\dbms-8a8bdfe7-99ef-41f8-b5a9-f8826a9fb764\licenses
run:          C:\Users\84001\.Neo4jDesktop2\Data\dbmss\dbms-8a8bdfe7-99ef-41f8-b5a9-f8826a9fb764\run
Starting Neo4j.
2026-03-13 09:21:31.458+0000 INFO  Logging config in use: File 'C:\Users\84001\.Neo4jDesktop2\Data\dbmss\dbms-8a8bdfe7-99ef-41f8-b5a9-f8826a9fb764\conf\user-logs.xml'
2026-03-13 09:21:31.474+0000 ERROR 
----------------------------------LICENSE AGREEMENT REQUIRED-----------------------------------

In order to use Neo4j Enterprise Edition you must accept the license agreement.

The license agreement is available at https://neo4j.com/terms/licensing/
If you have a support contract the following terms apply https://neo4j.com/terms/support-terms/

If you do not have a commercial license and want to evaluate the Software
please read the terms of the evaluation agreement before you accept.
https://neo4j.com/terms/enterprise_us/

(c) Neo4j Sweden AB. All Rights Reserved.
Use of this Software without a proper commercial license, or evaluation license
with Neo4j, Inc. or its affiliates is prohibited.
Neo4j has the right to terminate your usage if you are not compliant.

Please contact us about licensing via https://neo4j.com/contact-us/

More information is also available at: https://neo4j.com/licensing/

To accept the commercial license agreement, run
    neo4j-admin server license --accept-commercial
To accept the terms of the evaluation agreement, run
    neo4j-admin server license --accept-evaluation

----------------------------------LICENSE AGREEMENT REQUIRED-----------------------------------


2026-03-13 09:21:31.791+0000 INFO  Starting...
2026-03-13 09:21:36.295+0000 INFO  ======== Neo4j 2025.11.2 ========
2026-03-13 09:21:36.692+0000 INFO  This instance is ServerId{79f1ad83} (79f1ad83-bbbe-4bb3-a5a6-ffc31ee18d82)
2026-03-13 09:21:38.170+0000 INFO  Resolved endpoints with LIST{endpoints:'[localhost:6000]'} to '[localhost:6000]'
2026-03-13 09:21:38.408+0000 INFO  Resolved endpoints with LIST{endpoints:'[localhost:6000]'} to '[localhost:6000]'
2026-03-13 09:21:41.195+0000 INFO  Sending metrics to CSV file at C:\Users\84001\.Neo4jDesktop2\Data\dbmss\dbms-8a8bdfe7-99ef-41f8-b5a9-f8826a9fb764\metrics
2026-03-13 09:21:41.249+0000 INFO  Anonymous Usage Data is being sent to Neo4j, see https://neo4j.com/docs/usage-data/
2026-03-13 09:21:41.264+0000 INFO  Bolt enabled on localhost:7687.
2026-03-13 09:21:41.267+0000 INFO  Bolt (Routing) enabled on localhost:7688.
2026-03-13 09:21:43.199+0000 INFO  HTTP enabled on localhost:7474.
2026-03-13 09:21:43.200+0000 INFO  Remote interface available at http://localhost:7474/
2026-03-13 09:21:43.204+0000 INFO  id: 51B88FE8543F11168E8F0E536E3C9C25BE593A1C1E519117C499593231B095A9
2026-03-13 09:21:43.204+0000 INFO  name: system
2026-03-13 09:21:43.205+0000 INFO  creationDate: 2026-01-08T06:17:30.718Z
2026-03-13 09:21:43.205+0000 INFO  Started.
Neo4j web server failed to start. See log for more info.
Run with '--verbose' for a more detailed error message.
[2026-03-16 14:07:59] 启动 Neo4j 服务...
Directories in use:
home:         C:\Users\84001\.Neo4jDesktop2\Data\dbmss\dbms-8a8bdfe7-99ef-41f8-b5a9-f8826a9fb764
config:       C:\Users\84001\.Neo4jDesktop2\Data\dbmss\dbms-8a8bdfe7-99ef-41f8-b5a9-f8826a9fb764\conf
logs:         C:\Users\84001\.Neo4jDesktop2\Data\dbmss\dbms-8a8bdfe7-99ef-41f8-b5a9-f8826a9fb764\logs
plugins:      C:\Users\84001\.Neo4jDesktop2\Data\dbmss\dbms-8a8bdfe7-99ef-41f8-b5a9-f8826a9fb764\plugins
import:       C:\Users\84001\.Neo4jDesktop2\Data\dbmss\dbms-8a8bdfe7-99ef-41f8-b5a9-f8826a9fb764\import
data:         C:\Users\84001\.Neo4jDesktop2\Data\dbmss\dbms-8a8bdfe7-99ef-41f8-b5a9-f8826a9fb764\data
certificates: C:\Users\84001\.Neo4jDesktop2\Data\dbmss\dbms-8a8bdfe7-99ef-41f8-b5a9-f8826a9fb764\certificates
licenses:     C:\Users\84001\.Neo4jDesktop2\Data\dbmss\dbms-8a8bdfe7-99ef-41f8-b5a9-f8826a9fb764\licenses
run:          C:\Users\84001\.Neo4jDesktop2\Data\dbmss\dbms-8a8bdfe7-99ef-41f8-b5a9-f8826a9fb764\run
Starting Neo4j.
2026-03-16 06:08:04.618+0000 INFO  Logging config in use: File 'C:\Users\84001\.Neo4jDesktop2\Data\dbmss\dbms-8a8bdfe7-99ef-41f8-b5a9-f8826a9fb764\conf\user-logs.xml'
2026-03-16 06:08:04.631+0000 ERROR 
----------------------------------LICENSE AGREEMENT REQUIRED-----------------------------------

In order to use Neo4j Enterprise Edition you must accept the license agreement.

The license agreement is available at https://neo4j.com/terms/licensing/
If you have a support contract the following terms apply https://neo4j.com/terms/support-terms/

If you do not have a commercial license and want to evaluate the Software
please read the terms of the evaluation agreement before you accept.
https://neo4j.com/terms/enterprise_us/

(c) Neo4j Sweden AB. All Rights Reserved.
Use of this Software without a proper commercial license, or evaluation license
with Neo4j, Inc. or its affiliates is prohibited.
Neo4j has the right to terminate your usage if you are not compliant.

Please contact us about licensing via https://neo4j.com/contact-us/

More information is also available at: https://neo4j.com/licensing/

To accept the commercial license agreement, run
    neo4j-admin server license --accept-commercial
To accept the terms of the evaluation agreement, run
    neo4j-admin server license --accept-evaluation

----------------------------------LICENSE AGREEMENT REQUIRED-----------------------------------


2026-03-16 06:08:04.824+0000 INFO  Starting...
2026-03-16 06:08:08.205+0000 INFO  ======== Neo4j 2025.11.2 ========
2026-03-16 06:08:08.478+0000 INFO  This instance is ServerId{79f1ad83} (79f1ad83-bbbe-4bb3-a5a6-ffc31ee18d82)
2026-03-16 06:08:09.890+0000 INFO  Resolved endpoints with LIST{endpoints:'[localhost:6000]'} to '[localhost:6000]'
2026-03-16 06:08:10.044+0000 INFO  Resolved endpoints with LIST{endpoints:'[localhost:6000]'} to '[localhost:6000]'
2026-03-16 06:08:11.817+0000 INFO  Sending metrics to CSV file at C:\Users\84001\.Neo4jDesktop2\Data\dbmss\dbms-8a8bdfe7-99ef-41f8-b5a9-f8826a9fb764\metrics
2026-03-16 06:08:11.853+0000 INFO  Anonymous Usage Data is being sent to Neo4j, see https://neo4j.com/docs/usage-data/
2026-03-16 06:08:11.862+0000 INFO  Bolt enabled on localhost:7687.
2026-03-16 06:08:11.864+0000 INFO  Bolt (Routing) enabled on localhost:7688.
2026-03-16 06:08:13.207+0000 INFO  HTTP enabled on localhost:7474.
2026-03-16 06:08:13.208+0000 INFO  Remote interface available at http://localhost:7474/
2026-03-16 06:08:13.211+0000 INFO  id: 51B88FE8543F11168E8F0E536E3C9C25BE593A1C1E519117C499593231B095A9
2026-03-16 06:08:13.211+0000 INFO  name: system
2026-03-16 06:08:13.213+0000 INFO  creationDate: 2026-01-08T06:17:30.718Z
2026-03-16 06:08:13.213+0000 INFO  Started.
Neo4j web server failed to start. See log for more info.
Run with '--verbose' for a more detailed error message.
[2026-03-16 14:12:41] 启动 Neo4j 服务...
Directories in use:
home:         C:\Users\84001\.Neo4jDesktop2\Data\dbmss\dbms-8a8bdfe7-99ef-41f8-b5a9-f8826a9fb764
config:       C:\Users\84001\.Neo4jDesktop2\Data\dbmss\dbms-8a8bdfe7-99ef-41f8-b5a9-f8826a9fb764\conf
logs:         C:\Users\84001\.Neo4jDesktop2\Data\dbmss\dbms-8a8bdfe7-99ef-41f8-b5a9-f8826a9fb764\logs
plugins:      C:\Users\84001\.Neo4jDesktop2\Data\dbmss\dbms-8a8bdfe7-99ef-41f8-b5a9-f8826a9fb764\plugins
import:       C:\Users\84001\.Neo4jDesktop2\Data\dbmss\dbms-8a8bdfe7-99ef-41f8-b5a9-f8826a9fb764\import
data:         C:\Users\84001\.Neo4jDesktop2\Data\dbmss\dbms-8a8bdfe7-99ef-41f8-b5a9-f8826a9fb764\data
certificates: C:\Users\84001\.Neo4jDesktop2\Data\dbmss\dbms-8a8bdfe7-99ef-41f8-b5a9-f8826a9fb764\certificates
licenses:     C:\Users\84001\.Neo4jDesktop2\Data\dbmss\dbms-8a8bdfe7-99ef-41f8-b5a9-f8826a9fb764\licenses
run:          C:\Users\84001\.Neo4jDesktop2\Data\dbmss\dbms-8a8bdfe7-99ef-41f8-b5a9-f8826a9fb764\run
Starting Neo4j.
2026-03-16 06:12:45.297+0000 INFO  Logging config in use: File 'C:\Users\84001\.Neo4jDesktop2\Data\dbmss\dbms-8a8bdfe7-99ef-41f8-b5a9-f8826a9fb764\conf\user-logs.xml'
2026-03-16 06:12:45.308+0000 ERROR 
----------------------------------LICENSE AGREEMENT REQUIRED-----------------------------------

In order to use Neo4j Enterprise Edition you must accept the license agreement.

The license agreement is available at https://neo4j.com/terms/licensing/
If you have a support contract the following terms apply https://neo4j.com/terms/support-terms/

If you do not have a commercial license and want to evaluate the Software
please read the terms of the evaluation agreement before you accept.
https://neo4j.com/terms/enterprise_us/

(c) Neo4j Sweden AB. All Rights Reserved.
Use of this Software without a proper commercial license, or evaluation license
with Neo4j, Inc. or its affiliates is prohibited.
Neo4j has the right to terminate your usage if you are not compliant.

Please contact us about licensing via https://neo4j.com/contact-us/

More information is also available at: https://neo4j.com/licensing/

To accept the commercial license agreement, run
    neo4j-admin server license --accept-commercial
To accept the terms of the evaluation agreement, run
    neo4j-admin server license --accept-evaluation

----------------------------------LICENSE AGREEMENT REQUIRED-----------------------------------


2026-03-16 06:12:45.488+0000 INFO  Starting...
2026-03-16 06:12:47.929+0000 INFO  ======== Neo4j 2025.11.2 ========
2026-03-16 06:12:48.148+0000 INFO  This instance is ServerId{79f1ad83} (79f1ad83-bbbe-4bb3-a5a6-ffc31ee18d82)
2026-03-16 06:12:48.954+0000 INFO  Resolved endpoints with LIST{endpoints:'[localhost:6000]'} to '[localhost:6000]'
2026-03-16 06:12:49.093+0000 INFO  Resolved endpoints with LIST{endpoints:'[localhost:6000]'} to '[localhost:6000]'
2026-03-16 06:12:50.667+0000 INFO  Sending metrics to CSV file at C:\Users\84001\.Neo4jDesktop2\Data\dbmss\dbms-8a8bdfe7-99ef-41f8-b5a9-f8826a9fb764\metrics
2026-03-16 06:12:50.703+0000 INFO  Anonymous Usage Data is being sent to Neo4j, see https://neo4j.com/docs/usage-data/
2026-03-16 06:12:50.713+0000 INFO  Bolt enabled on localhost:7687.
2026-03-16 06:12:50.715+0000 INFO  Bolt (Routing) enabled on localhost:7688.
2026-03-16 06:12:52.168+0000 INFO  HTTP enabled on localhost:7474.
2026-03-16 06:12:52.170+0000 INFO  Remote interface available at http://localhost:7474/
2026-03-16 06:12:52.172+0000 INFO  id: 51B88FE8543F11168E8F0E536E3C9C25BE593A1C1E519117C499593231B095A9
2026-03-16 06:12:52.172+0000 INFO  name: system
2026-03-16 06:12:52.172+0000 INFO  creationDate: 2026-01-08T06:17:30.718Z
2026-03-16 06:12:52.173+0000 INFO  Started.
Neo4j web server failed to start. See log for more info.
Run with '--verbose' for a more detailed error message.
[2026-03-18 10:06:56] 启动 Neo4j 服务...
Directories in use:
home:         C:\Users\84001\.Neo4jDesktop2\Data\dbmss\dbms-8a8bdfe7-99ef-41f8-b5a9-f8826a9fb764
config:       C:\Users\84001\.Neo4jDesktop2\Data\dbmss\dbms-8a8bdfe7-99ef-41f8-b5a9-f8826a9fb764\conf
logs:         C:\Users\84001\.Neo4jDesktop2\Data\dbmss\dbms-8a8bdfe7-99ef-41f8-b5a9-f8826a9fb764\logs
plugins:      C:\Users\84001\.Neo4jDesktop2\Data\dbmss\dbms-8a8bdfe7-99ef-41f8-b5a9-f8826a9fb764\plugins
import:       C:\Users\84001\.Neo4jDesktop2\Data\dbmss\dbms-8a8bdfe7-99ef-41f8-b5a9-f8826a9fb764\import
data:         C:\Users\84001\.Neo4jDesktop2\Data\dbmss\dbms-8a8bdfe7-99ef-41f8-b5a9-f8826a9fb764\data
certificates: C:\Users\84001\.Neo4jDesktop2\Data\dbmss\dbms-8a8bdfe7-99ef-41f8-b5a9-f8826a9fb764\certificates
licenses:     C:\Users\84001\.Neo4jDesktop2\Data\dbmss\dbms-8a8bdfe7-99ef-41f8-b5a9-f8826a9fb764\licenses
run:          C:\Users\84001\.Neo4jDesktop2\Data\dbmss\dbms-8a8bdfe7-99ef-41f8-b5a9-f8826a9fb764\run
Starting Neo4j.
2026-03-18 02:07:00.879+0000 INFO  Logging config in use: File 'C:\Users\84001\.Neo4jDesktop2\Data\dbmss\dbms-8a8bdfe7-99ef-41f8-b5a9-f8826a9fb764\conf\user-logs.xml'
2026-03-18 02:07:00.890+0000 ERROR 
----------------------------------LICENSE AGREEMENT REQUIRED-----------------------------------

In order to use Neo4j Enterprise Edition you must accept the license agreement.

The license agreement is available at https://neo4j.com/terms/licensing/
If you have a support contract the following terms apply https://neo4j.com/terms/support-terms/

If you do not have a commercial license and want to evaluate the Software
please read the terms of the evaluation agreement before you accept.
https://neo4j.com/terms/enterprise_us/

(c) Neo4j Sweden AB. All Rights Reserved.
Use of this Software without a proper commercial license, or evaluation license
with Neo4j, Inc. or its affiliates is prohibited.
Neo4j has the right to terminate your usage if you are not compliant.

Please contact us about licensing via https://neo4j.com/contact-us/

More information is also available at: https://neo4j.com/licensing/

To accept the commercial license agreement, run
    neo4j-admin server license --accept-commercial
To accept the terms of the evaluation agreement, run
    neo4j-admin server license --accept-evaluation

----------------------------------LICENSE AGREEMENT REQUIRED-----------------------------------


2026-03-18 02:07:01.091+0000 INFO  Starting...
2026-03-18 02:07:04.361+0000 INFO  ======== Neo4j 2025.11.2 ========
2026-03-18 02:07:04.650+0000 INFO  This instance is ServerId{79f1ad83} (79f1ad83-bbbe-4bb3-a5a6-ffc31ee18d82)
2026-03-18 02:07:05.845+0000 INFO  Resolved endpoints with LIST{endpoints:'[localhost:6000]'} to '[localhost:6000]'
2026-03-18 02:07:06.063+0000 INFO  Resolved endpoints with LIST{endpoints:'[localhost:6000]'} to '[localhost:6000]'
2026-03-18 02:07:08.054+0000 INFO  Sending metrics to CSV file at C:\Users\84001\.Neo4jDesktop2\Data\dbmss\dbms-8a8bdfe7-99ef-41f8-b5a9-f8826a9fb764\metrics
2026-03-18 02:07:08.090+0000 INFO  Anonymous Usage Data is being sent to Neo4j, see https://neo4j.com/docs/usage-data/
2026-03-18 02:07:08.102+0000 INFO  Bolt enabled on localhost:7687.
2026-03-18 02:07:08.104+0000 INFO  Bolt (Routing) enabled on localhost:7688.
2026-03-18 02:07:09.514+0000 INFO  HTTP enabled on localhost:7474.
2026-03-18 02:07:09.516+0000 INFO  Remote interface available at http://localhost:7474/
2026-03-18 02:07:09.517+0000 INFO  id: 51B88FE8543F11168E8F0E536E3C9C25BE593A1C1E519117C499593231B095A9
2026-03-18 02:07:09.519+0000 INFO  name: system
2026-03-18 02:07:09.519+0000 INFO  creationDate: 2026-01-08T06:17:30.718Z
2026-03-18 02:07:09.519+0000 INFO  Started.
Neo4j web server failed to start. See log for more info.
Run with '--verbose' for a more detailed error message.
[2026-03-18 12:39:14] 启动 Neo4j 服务...
Directories in use:
home:         C:\Users\84001\.Neo4jDesktop2\Data\dbmss\dbms-8a8bdfe7-99ef-41f8-b5a9-f8826a9fb764
config:       C:\Users\84001\.Neo4jDesktop2\Data\dbmss\dbms-8a8bdfe7-99ef-41f8-b5a9-f8826a9fb764\conf
logs:         C:\Users\84001\.Neo4jDesktop2\Data\dbmss\dbms-8a8bdfe7-99ef-41f8-b5a9-f8826a9fb764\logs
plugins:      C:\Users\84001\.Neo4jDesktop2\Data\dbmss\dbms-8a8bdfe7-99ef-41f8-b5a9-f8826a9fb764\plugins
import:       C:\Users\84001\.Neo4jDesktop2\Data\dbmss\dbms-8a8bdfe7-99ef-41f8-b5a9-f8826a9fb764\import
data:         C:\Users\84001\.Neo4jDesktop2\Data\dbmss\dbms-8a8bdfe7-99ef-41f8-b5a9-f8826a9fb764\data
certificates: C:\Users\84001\.Neo4jDesktop2\Data\dbmss\dbms-8a8bdfe7-99ef-41f8-b5a9-f8826a9fb764\certificates
licenses:     C:\Users\84001\.Neo4jDesktop2\Data\dbmss\dbms-8a8bdfe7-99ef-41f8-b5a9-f8826a9fb764\licenses
run:          C:\Users\84001\.Neo4jDesktop2\Data\dbmss\dbms-8a8bdfe7-99ef-41f8-b5a9-f8826a9fb764\run
Starting Neo4j.
2026-03-18 04:39:18.224+0000 INFO  Logging config in use: File 'C:\Users\84001\.Neo4jDesktop2\Data\dbmss\dbms-8a8bdfe7-99ef-41f8-b5a9-f8826a9fb764\conf\user-logs.xml'
2026-03-18 04:39:18.234+0000 ERROR 
----------------------------------LICENSE AGREEMENT REQUIRED-----------------------------------

In order to use Neo4j Enterprise Edition you must accept the license agreement.

The license agreement is available at https://neo4j.com/terms/licensing/
If you have a support contract the following terms apply https://neo4j.com/terms/support-terms/

If you do not have a commercial license and want to evaluate the Software
please read the terms of the evaluation agreement before you accept.
https://neo4j.com/terms/enterprise_us/

(c) Neo4j Sweden AB. All Rights Reserved.
Use of this Software without a proper commercial license, or evaluation license
with Neo4j, Inc. or its affiliates is prohibited.
Neo4j has the right to terminate your usage if you are not compliant.

Please contact us about licensing via https://neo4j.com/contact-us/

More information is also available at: https://neo4j.com/licensing/

To accept the commercial license agreement, run
    neo4j-admin server license --accept-commercial
To accept the terms of the evaluation agreement, run
    neo4j-admin server license --accept-evaluation

----------------------------------LICENSE AGREEMENT REQUIRED-----------------------------------


2026-03-18 04:39:18.402+0000 INFO  Starting...
2026-03-18 04:39:20.812+0000 INFO  ======== Neo4j 2025.11.2 ========
2026-03-18 04:39:21.021+0000 INFO  This instance is ServerId{79f1ad83} (79f1ad83-bbbe-4bb3-a5a6-ffc31ee18d82)
2026-03-18 04:39:22.038+0000 INFO  Resolved endpoints with LIST{endpoints:'[localhost:6000]'} to '[localhost:6000]'
2026-03-18 04:39:22.161+0000 INFO  Resolved endpoints with LIST{endpoints:'[localhost:6000]'} to '[localhost:6000]'
2026-03-18 04:39:23.613+0000 INFO  Sending metrics to CSV file at C:\Users\84001\.Neo4jDesktop2\Data\dbmss\dbms-8a8bdfe7-99ef-41f8-b5a9-f8826a9fb764\metrics
2026-03-18 04:39:23.640+0000 INFO  Anonymous Usage Data is being sent to Neo4j, see https://neo4j.com/docs/usage-data/
2026-03-18 04:39:23.650+0000 INFO  Bolt enabled on localhost:7687.
2026-03-18 04:39:23.651+0000 INFO  Bolt (Routing) enabled on localhost:7688.
2026-03-18 04:39:24.771+0000 INFO  HTTP enabled on localhost:7474.
2026-03-18 04:39:24.772+0000 INFO  Remote interface available at http://localhost:7474/
2026-03-18 04:39:24.774+0000 INFO  id: 51B88FE8543F11168E8F0E536E3C9C25BE593A1C1E519117C499593231B095A9
2026-03-18 04:39:24.775+0000 INFO  name: system
2026-03-18 04:39:24.775+0000 INFO  creationDate: 2026-01-08T06:17:30.718Z
2026-03-18 04:39:24.775+0000 INFO  Started.
Neo4j web server failed to start. See log for more info.
Run with '--verbose' for a more detailed error message.
[2026-03-18 12:40:48] 启动 Neo4j 服务...
Directories in use:
home:         C:\Users\84001\.Neo4jDesktop2\Data\dbmss\dbms-8a8bdfe7-99ef-41f8-b5a9-f8826a9fb764
config:       C:\Users\84001\.Neo4jDesktop2\Data\dbmss\dbms-8a8bdfe7-99ef-41f8-b5a9-f8826a9fb764\conf
logs:         C:\Users\84001\.Neo4jDesktop2\Data\dbmss\dbms-8a8bdfe7-99ef-41f8-b5a9-f8826a9fb764\logs
plugins:      C:\Users\84001\.Neo4jDesktop2\Data\dbmss\dbms-8a8bdfe7-99ef-41f8-b5a9-f8826a9fb764\plugins
import:       C:\Users\84001\.Neo4jDesktop2\Data\dbmss\dbms-8a8bdfe7-99ef-41f8-b5a9-f8826a9fb764\import
data:         C:\Users\84001\.Neo4jDesktop2\Data\dbmss\dbms-8a8bdfe7-99ef-41f8-b5a9-f8826a9fb764\data
certificates: C:\Users\84001\.Neo4jDesktop2\Data\dbmss\dbms-8a8bdfe7-99ef-41f8-b5a9-f8826a9fb764\certificates
licenses:     C:\Users\84001\.Neo4jDesktop2\Data\dbmss\dbms-8a8bdfe7-99ef-41f8-b5a9-f8826a9fb764\licenses
run:          C:\Users\84001\.Neo4jDesktop2\Data\dbmss\dbms-8a8bdfe7-99ef-41f8-b5a9-f8826a9fb764\run
Starting Neo4j.
2026-03-18 04:40:52.113+0000 INFO  Logging config in use: File 'C:\Users\84001\.Neo4jDesktop2\Data\dbmss\dbms-8a8bdfe7-99ef-41f8-b5a9-f8826a9fb764\conf\user-logs.xml'
2026-03-18 04:40:52.123+0000 ERROR 
----------------------------------LICENSE AGREEMENT REQUIRED-----------------------------------

In order to use Neo4j Enterprise Edition you must accept the license agreement.

The license agreement is available at https://neo4j.com/terms/licensing/
If you have a support contract the following terms apply https://neo4j.com/terms/support-terms/

If you do not have a commercial license and want to evaluate the Software
please read the terms of the evaluation agreement before you accept.
https://neo4j.com/terms/enterprise_us/

(c) Neo4j Sweden AB. All Rights Reserved.
Use of this Software without a proper commercial license, or evaluation license
with Neo4j, Inc. or its affiliates is prohibited.
Neo4j has the right to terminate your usage if you are not compliant.

Please contact us about licensing via https://neo4j.com/contact-us/

More information is also available at: https://neo4j.com/licensing/

To accept the commercial license agreement, run
    neo4j-admin server license --accept-commercial
To accept the terms of the evaluation agreement, run
    neo4j-admin server license --accept-evaluation

----------------------------------LICENSE AGREEMENT REQUIRED-----------------------------------


2026-03-18 04:40:52.288+0000 INFO  Starting...
2026-03-18 04:40:54.497+0000 INFO  ======== Neo4j 2025.11.2 ========
2026-03-18 04:40:54.703+0000 INFO  This instance is ServerId{79f1ad83} (79f1ad83-bbbe-4bb3-a5a6-ffc31ee18d82)
2026-03-18 04:40:55.381+0000 INFO  Resolved endpoints with LIST{endpoints:'[localhost:6000]'} to '[localhost:6000]'
2026-03-18 04:40:55.512+0000 INFO  Resolved endpoints with LIST{endpoints:'[localhost:6000]'} to '[localhost:6000]'
2026-03-18 04:40:57.063+0000 INFO  Sending metrics to CSV file at C:\Users\84001\.Neo4jDesktop2\Data\dbmss\dbms-8a8bdfe7-99ef-41f8-b5a9-f8826a9fb764\metrics
2026-03-18 04:40:57.091+0000 INFO  Anonymous Usage Data is being sent to Neo4j, see https://neo4j.com/docs/usage-data/
2026-03-18 04:40:57.098+0000 INFO  Bolt enabled on localhost:7687.
2026-03-18 04:40:57.100+0000 INFO  Bolt (Routing) enabled on localhost:7688.
2026-03-18 04:40:58.153+0000 INFO  HTTP enabled on localhost:7474.
2026-03-18 04:40:58.153+0000 INFO  Remote interface available at http://localhost:7474/
2026-03-18 04:40:58.156+0000 INFO  id: 51B88FE8543F11168E8F0E536E3C9C25BE593A1C1E519117C499593231B095A9
2026-03-18 04:40:58.156+0000 INFO  name: system
2026-03-18 04:40:58.156+0000 INFO  creationDate: 2026-01-08T06:17:30.718Z
2026-03-18 04:40:58.156+0000 INFO  Started.
Neo4j web server failed to start. See log for more info.
Run with '--verbose' for a more detailed error message.
[2026-03-18 13:13:59] 启动 Neo4j 服务...
Directories in use:
home:         C:\Users\84001\.Neo4jDesktop2\Data\dbmss\dbms-8a8bdfe7-99ef-41f8-b5a9-f8826a9fb764
config:       C:\Users\84001\.Neo4jDesktop2\Data\dbmss\dbms-8a8bdfe7-99ef-41f8-b5a9-f8826a9fb764\conf
logs:         C:\Users\84001\.Neo4jDesktop2\Data\dbmss\dbms-8a8bdfe7-99ef-41f8-b5a9-f8826a9fb764\logs
plugins:      C:\Users\84001\.Neo4jDesktop2\Data\dbmss\dbms-8a8bdfe7-99ef-41f8-b5a9-f8826a9fb764\plugins
import:       C:\Users\84001\.Neo4jDesktop2\Data\dbmss\dbms-8a8bdfe7-99ef-41f8-b5a9-f8826a9fb764\import
data:         C:\Users\84001\.Neo4jDesktop2\Data\dbmss\dbms-8a8bdfe7-99ef-41f8-b5a9-f8826a9fb764\data
certificates: C:\Users\84001\.Neo4jDesktop2\Data\dbmss\dbms-8a8bdfe7-99ef-41f8-b5a9-f8826a9fb764\certificates
licenses:     C:\Users\84001\.Neo4jDesktop2\Data\dbmss\dbms-8a8bdfe7-99ef-41f8-b5a9-f8826a9fb764\licenses
run:          C:\Users\84001\.Neo4jDesktop2\Data\dbmss\dbms-8a8bdfe7-99ef-41f8-b5a9-f8826a9fb764\run
Starting Neo4j.
2026-03-18 05:14:03.267+0000 INFO  Logging config in use: File 'C:\Users\84001\.Neo4jDesktop2\Data\dbmss\dbms-8a8bdfe7-99ef-41f8-b5a9-f8826a9fb764\conf\user-logs.xml'
2026-03-18 05:14:03.278+0000 ERROR 
----------------------------------LICENSE AGREEMENT REQUIRED-----------------------------------

In order to use Neo4j Enterprise Edition you must accept the license agreement.

The license agreement is available at https://neo4j.com/terms/licensing/
If you have a support contract the following terms apply https://neo4j.com/terms/support-terms/

If you do not have a commercial license and want to evaluate the Software
please read the terms of the evaluation agreement before you accept.
https://neo4j.com/terms/enterprise_us/

(c) Neo4j Sweden AB. All Rights Reserved.
Use of this Software without a proper commercial license, or evaluation license
with Neo4j, Inc. or its affiliates is prohibited.
Neo4j has the right to terminate your usage if you are not compliant.

Please contact us about licensing via https://neo4j.com/contact-us/

More information is also available at: https://neo4j.com/licensing/

To accept the commercial license agreement, run
    neo4j-admin server license --accept-commercial
To accept the terms of the evaluation agreement, run
    neo4j-admin server license --accept-evaluation

----------------------------------LICENSE AGREEMENT REQUIRED-----------------------------------


2026-03-18 05:14:03.459+0000 INFO  Starting...
2026-03-18 05:14:05.758+0000 INFO  ======== Neo4j 2025.11.2 ========
2026-03-18 05:14:05.969+0000 INFO  This instance is ServerId{79f1ad83} (79f1ad83-bbbe-4bb3-a5a6-ffc31ee18d82)
2026-03-18 05:14:06.677+0000 INFO  Resolved endpoints with LIST{endpoints:'[localhost:6000]'} to '[localhost:6000]'
2026-03-18 05:14:06.803+0000 INFO  Resolved endpoints with LIST{endpoints:'[localhost:6000]'} to '[localhost:6000]'
2026-03-18 05:14:08.219+0000 INFO  Sending metrics to CSV file at C:\Users\84001\.Neo4jDesktop2\Data\dbmss\dbms-8a8bdfe7-99ef-41f8-b5a9-f8826a9fb764\metrics
2026-03-18 05:14:08.247+0000 INFO  Anonymous Usage Data is being sent to Neo4j, see https://neo4j.com/docs/usage-data/
2026-03-18 05:14:08.254+0000 INFO  Bolt enabled on localhost:7687.
2026-03-18 05:14:08.256+0000 INFO  Bolt (Routing) enabled on localhost:7688.
2026-03-18 05:14:09.309+0000 INFO  HTTP enabled on localhost:7474.
2026-03-18 05:14:09.309+0000 INFO  Remote interface available at http://localhost:7474/
2026-03-18 05:14:09.311+0000 INFO  id: 51B88FE8543F11168E8F0E536E3C9C25BE593A1C1E519117C499593231B095A9
2026-03-18 05:14:09.312+0000 INFO  name: system
2026-03-18 05:14:09.312+0000 INFO  creationDate: 2026-01-08T06:17:30.718Z
2026-03-18 05:14:09.312+0000 INFO  Started.
Neo4j web server failed to start. See log for more info.
Run with '--verbose' for a more detailed error message.
[2026-03-18 13:46:36] 启动 Neo4j 服务...
Directories in use:
home:         C:\Users\84001\.Neo4jDesktop2\Data\dbmss\dbms-8a8bdfe7-99ef-41f8-b5a9-f8826a9fb764
config:       C:\Users\84001\.Neo4jDesktop2\Data\dbmss\dbms-8a8bdfe7-99ef-41f8-b5a9-f8826a9fb764\conf
logs:         C:\Users\84001\.Neo4jDesktop2\Data\dbmss\dbms-8a8bdfe7-99ef-41f8-b5a9-f8826a9fb764\logs
plugins:      C:\Users\84001\.Neo4jDesktop2\Data\dbmss\dbms-8a8bdfe7-99ef-41f8-b5a9-f8826a9fb764\plugins
import:       C:\Users\84001\.Neo4jDesktop2\Data\dbmss\dbms-8a8bdfe7-99ef-41f8-b5a9-f8826a9fb764\import
data:         C:\Users\84001\.Neo4jDesktop2\Data\dbmss\dbms-8a8bdfe7-99ef-41f8-b5a9-f8826a9fb764\data
certificates: C:\Users\84001\.Neo4jDesktop2\Data\dbmss\dbms-8a8bdfe7-99ef-41f8-b5a9-f8826a9fb764\certificates
licenses:     C:\Users\84001\.Neo4jDesktop2\Data\dbmss\dbms-8a8bdfe7-99ef-41f8-b5a9-f8826a9fb764\licenses
run:          C:\Users\84001\.Neo4jDesktop2\Data\dbmss\dbms-8a8bdfe7-99ef-41f8-b5a9-f8826a9fb764\run
Starting Neo4j.
2026-03-18 05:46:40.773+0000 INFO  Logging config in use: File 'C:\Users\84001\.Neo4jDesktop2\Data\dbmss\dbms-8a8bdfe7-99ef-41f8-b5a9-f8826a9fb764\conf\user-logs.xml'
2026-03-18 05:46:40.786+0000 ERROR 
----------------------------------LICENSE AGREEMENT REQUIRED-----------------------------------

In order to use Neo4j Enterprise Edition you must accept the license agreement.

The license agreement is available at https://neo4j.com/terms/licensing/
If you have a support contract the following terms apply https://neo4j.com/terms/support-terms/

If you do not have a commercial license and want to evaluate the Software
please read the terms of the evaluation agreement before you accept.
https://neo4j.com/terms/enterprise_us/

(c) Neo4j Sweden AB. All Rights Reserved.
Use of this Software without a proper commercial license, or evaluation license
with Neo4j, Inc. or its affiliates is prohibited.
Neo4j has the right to terminate your usage if you are not compliant.

Please contact us about licensing via https://neo4j.com/contact-us/

More information is also available at: https://neo4j.com/licensing/

To accept the commercial license agreement, run
    neo4j-admin server license --accept-commercial
To accept the terms of the evaluation agreement, run
    neo4j-admin server license --accept-evaluation

----------------------------------LICENSE AGREEMENT REQUIRED-----------------------------------


2026-03-18 05:46:40.964+0000 INFO  Neo4j Server shutdown initiated by request
2026-03-18 05:46:40.966+0000 INFO  Stopped.
Configuration is invalid. See log for more info.
Run with '--verbose' for a more detailed error message.
[2026-03-18 13:47:06] Neo4j 服务启动超时
[2026-03-18 13:49:59] 启动 Neo4j 服务...
Directories in use:
home:         C:\Users\84001\.Neo4jDesktop2\Data\dbmss\dbms-8a8bdfe7-99ef-41f8-b5a9-f8826a9fb764
config:       C:\Users\84001\.Neo4jDesktop2\Data\dbmss\dbms-8a8bdfe7-99ef-41f8-b5a9-f8826a9fb764\conf
logs:         C:\Users\84001\.Neo4jDesktop2\Data\dbmss\dbms-8a8bdfe7-99ef-41f8-b5a9-f8826a9fb764\logs
plugins:      C:\Users\84001\.Neo4jDesktop2\Data\dbmss\dbms-8a8bdfe7-99ef-41f8-b5a9-f8826a9fb764\plugins
import:       C:\Users\84001\.Neo4jDesktop2\Data\dbmss\dbms-8a8bdfe7-99ef-41f8-b5a9-f8826a9fb764\import
data:         C:\Users\84001\.Neo4jDesktop2\Data\dbmss\dbms-8a8bdfe7-99ef-41f8-b5a9-f8826a9fb764\data
certificates: C:\Users\84001\.Neo4jDesktop2\Data\dbmss\dbms-8a8bdfe7-99ef-41f8-b5a9-f8826a9fb764\certificates
licenses:     C:\Users\84001\.Neo4jDesktop2\Data\dbmss\dbms-8a8bdfe7-99ef-41f8-b5a9-f8826a9fb764\licenses
run:          C:\Users\84001\.Neo4jDesktop2\Data\dbmss\dbms-8a8bdfe7-99ef-41f8-b5a9-f8826a9fb764\run
Starting Neo4j.
2026-03-18 05:50:03.443+0000 INFO  Logging config in use: File 'C:\Users\84001\.Neo4jDesktop2\Data\dbmss\dbms-8a8bdfe7-99ef-41f8-b5a9-f8826a9fb764\conf\user-logs.xml'
2026-03-18 05:50:03.453+0000 ERROR 
----------------------------------LICENSE AGREEMENT REQUIRED-----------------------------------

In order to use Neo4j Enterprise Edition you must accept the license agreement.

The license agreement is available at https://neo4j.com/terms/licensing/
If you have a support contract the following terms apply https://neo4j.com/terms/support-terms/

If you do not have a commercial license and want to evaluate the Software
please read the terms of the evaluation agreement before you accept.
https://neo4j.com/terms/enterprise_us/

(c) Neo4j Sweden AB. All Rights Reserved.
Use of this Software without a proper commercial license, or evaluation license
with Neo4j, Inc. or its affiliates is prohibited.
Neo4j has the right to terminate your usage if you are not compliant.

Please contact us about licensing via https://neo4j.com/contact-us/

More information is also available at: https://neo4j.com/licensing/

To accept the commercial license agreement, run
    neo4j-admin server license --accept-commercial
To accept the terms of the evaluation agreement, run
    neo4j-admin server license --accept-evaluation

----------------------------------LICENSE AGREEMENT REQUIRED-----------------------------------


2026-03-18 05:50:03.634+0000 INFO  Starting...
2026-03-18 05:50:06.134+0000 INFO  ======== Neo4j 2025.11.2 ========
2026-03-18 05:50:06.356+0000 INFO  This instance is ServerId{79f1ad83} (79f1ad83-bbbe-4bb3-a5a6-ffc31ee18d82)
2026-03-18 05:50:07.163+0000 INFO  Resolved endpoints with LIST{endpoints:'[localhost:6000]'} to '[localhost:6000]'
2026-03-18 05:50:07.301+0000 INFO  Resolved endpoints with LIST{endpoints:'[localhost:6000]'} to '[localhost:6000]'
2026-03-18 05:50:08.891+0000 INFO  Sending metrics to CSV file at C:\Users\84001\.Neo4jDesktop2\Data\dbmss\dbms-8a8bdfe7-99ef-41f8-b5a9-f8826a9fb764\metrics
2026-03-18 05:50:08.920+0000 INFO  Anonymous Usage Data is being sent to Neo4j, see https://neo4j.com/docs/usage-data/
2026-03-18 05:50:08.929+0000 INFO  Bolt enabled on localhost:7687.
2026-03-18 05:50:08.930+0000 INFO  Bolt (Routing) enabled on localhost:7688.
2026-03-18 05:50:10.244+0000 INFO  HTTP enabled on localhost:7474.
2026-03-18 05:50:10.244+0000 INFO  Remote interface available at http://localhost:7474/
2026-03-18 05:50:10.247+0000 INFO  id: 51B88FE8543F11168E8F0E536E3C9C25BE593A1C1E519117C499593231B095A9
2026-03-18 05:50:10.247+0000 INFO  name: system
2026-03-18 05:50:10.247+0000 INFO  creationDate: 2026-01-08T06:17:30.718Z
2026-03-18 05:50:10.247+0000 INFO  Started.
2026-03-18 05:53:13.154+0000 WARN  [bolt-12] The client is unauthorized due to authentication failure.
Neo4j web server failed to start. See log for more info.
Run with '--verbose' for a more detailed error message.
[2026-03-18 14:44:49] 启动 Neo4j 服务...
Directories in use:
home:         C:\Users\84001\.Neo4jDesktop2\Data\dbmss\dbms-8a8bdfe7-99ef-41f8-b5a9-f8826a9fb764
config:       C:\Users\84001\.Neo4jDesktop2\Data\dbmss\dbms-8a8bdfe7-99ef-41f8-b5a9-f8826a9fb764\conf
logs:         C:\Users\84001\.Neo4jDesktop2\Data\dbmss\dbms-8a8bdfe7-99ef-41f8-b5a9-f8826a9fb764\logs
plugins:      C:\Users\84001\.Neo4jDesktop2\Data\dbmss\dbms-8a8bdfe7-99ef-41f8-b5a9-f8826a9fb764\plugins
import:       C:\Users\84001\.Neo4jDesktop2\Data\dbmss\dbms-8a8bdfe7-99ef-41f8-b5a9-f8826a9fb764\import
data:         C:\Users\84001\.Neo4jDesktop2\Data\dbmss\dbms-8a8bdfe7-99ef-41f8-b5a9-f8826a9fb764\data
certificates: C:\Users\84001\.Neo4jDesktop2\Data\dbmss\dbms-8a8bdfe7-99ef-41f8-b5a9-f8826a9fb764\certificates
licenses:     C:\Users\84001\.Neo4jDesktop2\Data\dbmss\dbms-8a8bdfe7-99ef-41f8-b5a9-f8826a9fb764\licenses
run:          C:\Users\84001\.Neo4jDesktop2\Data\dbmss\dbms-8a8bdfe7-99ef-41f8-b5a9-f8826a9fb764\run
Starting Neo4j.
2026-03-18 06:44:52.870+0000 INFO  Logging config in use: File 'C:\Users\84001\.Neo4jDesktop2\Data\dbmss\dbms-8a8bdfe7-99ef-41f8-b5a9-f8826a9fb764\conf\user-logs.xml'
2026-03-18 06:44:52.880+0000 ERROR 
----------------------------------LICENSE AGREEMENT REQUIRED-----------------------------------

In order to use Neo4j Enterprise Edition you must accept the license agreement.

The license agreement is available at https://neo4j.com/terms/licensing/
If you have a support contract the following terms apply https://neo4j.com/terms/support-terms/

If you do not have a commercial license and want to evaluate the Software
please read the terms of the evaluation agreement before you accept.
https://neo4j.com/terms/enterprise_us/

(c) Neo4j Sweden AB. All Rights Reserved.
Use of this Software without a proper commercial license, or evaluation license
with Neo4j, Inc. or its affiliates is prohibited.
Neo4j has the right to terminate your usage if you are not compliant.

Please contact us about licensing via https://neo4j.com/contact-us/

More information is also available at: https://neo4j.com/licensing/

To accept the commercial license agreement, run
    neo4j-admin server license --accept-commercial
To accept the terms of the evaluation agreement, run
    neo4j-admin server license --accept-evaluation

----------------------------------LICENSE AGREEMENT REQUIRED-----------------------------------


2026-03-18 06:44:53.057+0000 INFO  Starting...
2026-03-18 06:44:55.581+0000 INFO  ======== Neo4j 2025.11.2 ========
2026-03-18 06:44:55.849+0000 INFO  This instance is ServerId{79f1ad83} (79f1ad83-bbbe-4bb3-a5a6-ffc31ee18d82)
2026-03-18 06:44:56.694+0000 INFO  Resolved endpoints with LIST{endpoints:'[localhost:6000]'} to '[localhost:6000]'
2026-03-18 06:44:56.878+0000 INFO  Resolved endpoints with LIST{endpoints:'[localhost:6000]'} to '[localhost:6000]'
2026-03-18 06:44:58.557+0000 INFO  Sending metrics to CSV file at C:\Users\84001\.Neo4jDesktop2\Data\dbmss\dbms-8a8bdfe7-99ef-41f8-b5a9-f8826a9fb764\metrics
2026-03-18 06:44:58.599+0000 INFO  Anonymous Usage Data is being sent to Neo4j, see https://neo4j.com/docs/usage-data/
2026-03-18 06:44:58.609+0000 INFO  Bolt enabled on localhost:7687.
2026-03-18 06:44:58.612+0000 INFO  Bolt (Routing) enabled on localhost:7688.
2026-03-18 06:45:00.022+0000 INFO  HTTP enabled on localhost:7474.
2026-03-18 06:45:00.025+0000 INFO  Remote interface available at http://localhost:7474/
2026-03-18 06:45:00.028+0000 INFO  id: 51B88FE8543F11168E8F0E536E3C9C25BE593A1C1E519117C499593231B095A9
2026-03-18 06:45:00.028+0000 INFO  name: system
2026-03-18 06:45:00.030+0000 INFO  creationDate: 2026-01-08T06:17:30.718Z
2026-03-18 06:45:00.030+0000 INFO  Started.
Neo4j web server failed to start. See log for more info.
Run with '--verbose' for a more detailed error message.
[2026-03-18 14:57:46] 启动 Neo4j 服务...
Directories in use:
home:         C:\Users\84001\.Neo4jDesktop2\Data\dbmss\dbms-8a8bdfe7-99ef-41f8-b5a9-f8826a9fb764
config:       C:\Users\84001\.Neo4jDesktop2\Data\dbmss\dbms-8a8bdfe7-99ef-41f8-b5a9-f8826a9fb764\conf
logs:         C:\Users\84001\.Neo4jDesktop2\Data\dbmss\dbms-8a8bdfe7-99ef-41f8-b5a9-f8826a9fb764\logs
plugins:      C:\Users\84001\.Neo4jDesktop2\Data\dbmss\dbms-8a8bdfe7-99ef-41f8-b5a9-f8826a9fb764\plugins
import:       C:\Users\84001\.Neo4jDesktop2\Data\dbmss\dbms-8a8bdfe7-99ef-41f8-b5a9-f8826a9fb764\import
data:         C:\Users\84001\.Neo4jDesktop2\Data\dbmss\dbms-8a8bdfe7-99ef-41f8-b5a9-f8826a9fb764\data
certificates: C:\Users\84001\.Neo4jDesktop2\Data\dbmss\dbms-8a8bdfe7-99ef-41f8-b5a9-f8826a9fb764\certificates
licenses:     C:\Users\84001\.Neo4jDesktop2\Data\dbmss\dbms-8a8bdfe7-99ef-41f8-b5a9-f8826a9fb764\licenses
run:          C:\Users\84001\.Neo4jDesktop2\Data\dbmss\dbms-8a8bdfe7-99ef-41f8-b5a9-f8826a9fb764\run
Starting Neo4j.
2026-03-18 06:57:50.193+0000 INFO  Logging config in use: File 'C:\Users\84001\.Neo4jDesktop2\Data\dbmss\dbms-8a8bdfe7-99ef-41f8-b5a9-f8826a9fb764\conf\user-logs.xml'
2026-03-18 06:57:50.203+0000 ERROR 
----------------------------------LICENSE AGREEMENT REQUIRED-----------------------------------

In order to use Neo4j Enterprise Edition you must accept the license agreement.

The license agreement is available at https://neo4j.com/terms/licensing/
If you have a support contract the following terms apply https://neo4j.com/terms/support-terms/

If you do not have a commercial license and want to evaluate the Software
please read the terms of the evaluation agreement before you accept.
https://neo4j.com/terms/enterprise_us/

(c) Neo4j Sweden AB. All Rights Reserved.
Use of this Software without a proper commercial license, or evaluation license
with Neo4j, Inc. or its affiliates is prohibited.
Neo4j has the right to terminate your usage if you are not compliant.

Please contact us about licensing via https://neo4j.com/contact-us/

More information is also available at: https://neo4j.com/licensing/

To accept the commercial license agreement, run
    neo4j-admin server license --accept-commercial
To accept the terms of the evaluation agreement, run
    neo4j-admin server license --accept-evaluation

----------------------------------LICENSE AGREEMENT REQUIRED-----------------------------------


2026-03-18 06:57:50.369+0000 INFO  Starting...
2026-03-18 06:57:52.829+0000 INFO  ======== Neo4j 2025.11.2 ========
2026-03-18 06:57:53.045+0000 INFO  This instance is ServerId{79f1ad83} (79f1ad83-bbbe-4bb3-a5a6-ffc31ee18d82)
2026-03-18 06:57:53.807+0000 INFO  Resolved endpoints with LIST{endpoints:'[localhost:6000]'} to '[localhost:6000]'
2026-03-18 06:57:53.934+0000 INFO  Resolved endpoints with LIST{endpoints:'[localhost:6000]'} to '[localhost:6000]'
2026-03-18 06:57:55.417+0000 INFO  Sending metrics to CSV file at C:\Users\84001\.Neo4jDesktop2\Data\dbmss\dbms-8a8bdfe7-99ef-41f8-b5a9-f8826a9fb764\metrics
2026-03-18 06:57:55.445+0000 INFO  Anonymous Usage Data is being sent to Neo4j, see https://neo4j.com/docs/usage-data/
2026-03-18 06:57:55.454+0000 INFO  Bolt enabled on localhost:7687.
2026-03-18 06:57:55.455+0000 INFO  Bolt (Routing) enabled on localhost:7688.
2026-03-18 06:57:56.616+0000 INFO  HTTP enabled on localhost:7474.
2026-03-18 06:57:56.617+0000 INFO  Remote interface available at http://localhost:7474/
2026-03-18 06:57:56.618+0000 INFO  id: 51B88FE8543F11168E8F0E536E3C9C25BE593A1C1E519117C499593231B095A9
2026-03-18 06:57:56.618+0000 INFO  name: system
2026-03-18 06:57:56.620+0000 INFO  creationDate: 2026-01-08T06:17:30.718Z
2026-03-18 06:57:56.620+0000 INFO  Started.
Neo4j web server failed to start. See log for more info.
Run with '--verbose' for a more detailed error message.
[2026-03-18 15:09:46] 启动 Neo4j 服务...
Directories in use:
home:         C:\Users\84001\.Neo4jDesktop2\Data\dbmss\dbms-8a8bdfe7-99ef-41f8-b5a9-f8826a9fb764
config:       C:\Users\84001\.Neo4jDesktop2\Data\dbmss\dbms-8a8bdfe7-99ef-41f8-b5a9-f8826a9fb764\conf
logs:         C:\Users\84001\.Neo4jDesktop2\Data\dbmss\dbms-8a8bdfe7-99ef-41f8-b5a9-f8826a9fb764\logs
plugins:      C:\Users\84001\.Neo4jDesktop2\Data\dbmss\dbms-8a8bdfe7-99ef-41f8-b5a9-f8826a9fb764\plugins
import:       C:\Users\84001\.Neo4jDesktop2\Data\dbmss\dbms-8a8bdfe7-99ef-41f8-b5a9-f8826a9fb764\import
data:         C:\Users\84001\.Neo4jDesktop2\Data\dbmss\dbms-8a8bdfe7-99ef-41f8-b5a9-f8826a9fb764\data
certificates: C:\Users\84001\.Neo4jDesktop2\Data\dbmss\dbms-8a8bdfe7-99ef-41f8-b5a9-f8826a9fb764\certificates
licenses:     C:\Users\84001\.Neo4jDesktop2\Data\dbmss\dbms-8a8bdfe7-99ef-41f8-b5a9-f8826a9fb764\licenses
run:          C:\Users\84001\.Neo4jDesktop2\Data\dbmss\dbms-8a8bdfe7-99ef-41f8-b5a9-f8826a9fb764\run
Starting Neo4j.
2026-03-18 07:09:49.998+0000 INFO  Logging config in use: File 'C:\Users\84001\.Neo4jDesktop2\Data\dbmss\dbms-8a8bdfe7-99ef-41f8-b5a9-f8826a9fb764\conf\user-logs.xml'
2026-03-18 07:09:50.007+0000 ERROR 
----------------------------------LICENSE AGREEMENT REQUIRED-----------------------------------

In order to use Neo4j Enterprise Edition you must accept the license agreement.

The license agreement is available at https://neo4j.com/terms/licensing/
If you have a support contract the following terms apply https://neo4j.com/terms/support-terms/

If you do not have a commercial license and want to evaluate the Software
please read the terms of the evaluation agreement before you accept.
https://neo4j.com/terms/enterprise_us/

(c) Neo4j Sweden AB. All Rights Reserved.
Use of this Software without a proper commercial license, or evaluation license
with Neo4j, Inc. or its affiliates is prohibited.
Neo4j has the right to terminate your usage if you are not compliant.

Please contact us about licensing via https://neo4j.com/contact-us/

More information is also available at: https://neo4j.com/licensing/

To accept the commercial license agreement, run
    neo4j-admin server license --accept-commercial
To accept the terms of the evaluation agreement, run
    neo4j-admin server license --accept-evaluation

----------------------------------LICENSE AGREEMENT REQUIRED-----------------------------------


2026-03-18 07:09:50.178+0000 INFO  Starting...
2026-03-18 07:09:52.659+0000 INFO  ======== Neo4j 2025.11.2 ========
2026-03-18 07:09:52.871+0000 INFO  This instance is ServerId{79f1ad83} (79f1ad83-bbbe-4bb3-a5a6-ffc31ee18d82)
2026-03-18 07:09:53.637+0000 INFO  Resolved endpoints with LIST{endpoints:'[localhost:6000]'} to '[localhost:6000]'
2026-03-18 07:09:53.765+0000 INFO  Resolved endpoints with LIST{endpoints:'[localhost:6000]'} to '[localhost:6000]'
2026-03-18 07:09:55.223+0000 INFO  Sending metrics to CSV file at C:\Users\84001\.Neo4jDesktop2\Data\dbmss\dbms-8a8bdfe7-99ef-41f8-b5a9-f8826a9fb764\metrics
2026-03-18 07:09:55.250+0000 INFO  Anonymous Usage Data is being sent to Neo4j, see https://neo4j.com/docs/usage-data/
2026-03-18 07:09:55.259+0000 INFO  Bolt enabled on localhost:7687.
2026-03-18 07:09:55.260+0000 INFO  Bolt (Routing) enabled on localhost:7688.
2026-03-18 07:09:56.325+0000 INFO  HTTP enabled on localhost:7474.
2026-03-18 07:09:56.327+0000 INFO  Remote interface available at http://localhost:7474/
2026-03-18 07:09:56.329+0000 INFO  id: 51B88FE8543F11168E8F0E536E3C9C25BE593A1C1E519117C499593231B095A9
2026-03-18 07:09:56.329+0000 INFO  name: system
2026-03-18 07:09:56.330+0000 INFO  creationDate: 2026-01-08T06:17:30.718Z
2026-03-18 07:09:56.330+0000 INFO  Started.
Neo4j web server failed to start. See log for more info.
Run with '--verbose' for a more detailed error message.
[2026-03-24 15:32:35] 启动 Neo4j 服务...
Directories in use:
home:         C:\Users\84001\.Neo4jDesktop2\Data\dbmss\dbms-8a8bdfe7-99ef-41f8-b5a9-f8826a9fb764
config:       C:\Users\84001\.Neo4jDesktop2\Data\dbmss\dbms-8a8bdfe7-99ef-41f8-b5a9-f8826a9fb764\conf
logs:         C:\Users\84001\.Neo4jDesktop2\Data\dbmss\dbms-8a8bdfe7-99ef-41f8-b5a9-f8826a9fb764\logs
plugins:      C:\Users\84001\.Neo4jDesktop2\Data\dbmss\dbms-8a8bdfe7-99ef-41f8-b5a9-f8826a9fb764\plugins
import:       C:\Users\84001\.Neo4jDesktop2\Data\dbmss\dbms-8a8bdfe7-99ef-41f8-b5a9-f8826a9fb764\import
data:         C:\Users\84001\.Neo4jDesktop2\Data\dbmss\dbms-8a8bdfe7-99ef-41f8-b5a9-f8826a9fb764\data
certificates: C:\Users\84001\.Neo4jDesktop2\Data\dbmss\dbms-8a8bdfe7-99ef-41f8-b5a9-f8826a9fb764\certificates
licenses:     C:\Users\84001\.Neo4jDesktop2\Data\dbmss\dbms-8a8bdfe7-99ef-41f8-b5a9-f8826a9fb764\licenses
run:          C:\Users\84001\.Neo4jDesktop2\Data\dbmss\dbms-8a8bdfe7-99ef-41f8-b5a9-f8826a9fb764\run
Starting Neo4j.
2026-03-24 07:32:41.528+0000 INFO  Logging config in use: File 'C:\Users\84001\.Neo4jDesktop2\Data\dbmss\dbms-8a8bdfe7-99ef-41f8-b5a9-f8826a9fb764\conf\user-logs.xml'
2026-03-24 07:32:41.543+0000 ERROR 
----------------------------------LICENSE AGREEMENT REQUIRED-----------------------------------

In order to use Neo4j Enterprise Edition you must accept the license agreement.

The license agreement is available at https://neo4j.com/terms/licensing/
If you have a support contract the following terms apply https://neo4j.com/terms/support-terms/

If you do not have a commercial license and want to evaluate the Software
please read the terms of the evaluation agreement before you accept.
https://neo4j.com/terms/enterprise_us/

(c) Neo4j Sweden AB. All Rights Reserved.
Use of this Software without a proper commercial license, or evaluation license
with Neo4j, Inc. or its affiliates is prohibited.
Neo4j has the right to terminate your usage if you are not compliant.

Please contact us about licensing via https://neo4j.com/contact-us/

More information is also available at: https://neo4j.com/licensing/

To accept the commercial license agreement, run
    neo4j-admin server license --accept-commercial
To accept the terms of the evaluation agreement, run
    neo4j-admin server license --accept-evaluation

----------------------------------LICENSE AGREEMENT REQUIRED-----------------------------------


2026-03-24 07:32:41.772+0000 INFO  Starting...
2026-03-24 07:32:45.210+0000 INFO  ======== Neo4j 2025.11.2 ========
2026-03-24 07:32:45.464+0000 INFO  This instance is ServerId{79f1ad83} (79f1ad83-bbbe-4bb3-a5a6-ffc31ee18d82)
2026-03-24 07:32:46.511+0000 INFO  Resolved endpoints with LIST{endpoints:'[localhost:6000]'} to '[localhost:6000]'
2026-03-24 07:32:46.694+0000 INFO  Resolved endpoints with LIST{endpoints:'[localhost:6000]'} to '[localhost:6000]'
2026-03-24 07:32:48.641+0000 INFO  Sending metrics to CSV file at C:\Users\84001\.Neo4jDesktop2\Data\dbmss\dbms-8a8bdfe7-99ef-41f8-b5a9-f8826a9fb764\metrics
2026-03-24 07:32:48.676+0000 INFO  Anonymous Usage Data is being sent to Neo4j, see https://neo4j.com/docs/usage-data/
2026-03-24 07:32:48.689+0000 INFO  Bolt enabled on localhost:7687.
2026-03-24 07:32:48.692+0000 INFO  Bolt (Routing) enabled on localhost:7688.
2026-03-24 07:32:49.927+0000 INFO  HTTP enabled on localhost:7474.
2026-03-24 07:32:49.928+0000 INFO  Remote interface available at http://localhost:7474/
2026-03-24 07:32:49.931+0000 INFO  id: 51B88FE8543F11168E8F0E536E3C9C25BE593A1C1E519117C499593231B095A9
2026-03-24 07:32:49.932+0000 INFO  name: system
2026-03-24 07:32:49.932+0000 INFO  creationDate: 2026-01-08T06:17:30.718Z
2026-03-24 07:32:49.932+0000 INFO  Started.
Neo4j web server failed to start. See log for more info.
Run with '--verbose' for a more detailed error message.
[2026-03-24 16:16:27] 启动 Neo4j 服务...
Directories in use:
home:         C:\Users\84001\.Neo4jDesktop2\Data\dbmss\dbms-8a8bdfe7-99ef-41f8-b5a9-f8826a9fb764
config:       C:\Users\84001\.Neo4jDesktop2\Data\dbmss\dbms-8a8bdfe7-99ef-41f8-b5a9-f8826a9fb764\conf
logs:         C:\Users\84001\.Neo4jDesktop2\Data\dbmss\dbms-8a8bdfe7-99ef-41f8-b5a9-f8826a9fb764\logs
plugins:      C:\Users\84001\.Neo4jDesktop2\Data\dbmss\dbms-8a8bdfe7-99ef-41f8-b5a9-f8826a9fb764\plugins
import:       C:\Users\84001\.Neo4jDesktop2\Data\dbmss\dbms-8a8bdfe7-99ef-41f8-b5a9-f8826a9fb764\import
data:         C:\Users\84001\.Neo4jDesktop2\Data\dbmss\dbms-8a8bdfe7-99ef-41f8-b5a9-f8826a9fb764\data
certificates: C:\Users\84001\.Neo4jDesktop2\Data\dbmss\dbms-8a8bdfe7-99ef-41f8-b5a9-f8826a9fb764\certificates
licenses:     C:\Users\84001\.Neo4jDesktop2\Data\dbmss\dbms-8a8bdfe7-99ef-41f8-b5a9-f8826a9fb764\licenses
run:          C:\Users\84001\.Neo4jDesktop2\Data\dbmss\dbms-8a8bdfe7-99ef-41f8-b5a9-f8826a9fb764\run
Starting Neo4j.
2026-03-24 08:16:32.518+0000 INFO  Logging config in use: File 'C:\Users\84001\.Neo4jDesktop2\Data\dbmss\dbms-8a8bdfe7-99ef-41f8-b5a9-f8826a9fb764\conf\user-logs.xml'
2026-03-24 08:16:32.534+0000 ERROR 
----------------------------------LICENSE AGREEMENT REQUIRED-----------------------------------

In order to use Neo4j Enterprise Edition you must accept the license agreement.

The license agreement is available at https://neo4j.com/terms/licensing/
If you have a support contract the following terms apply https://neo4j.com/terms/support-terms/

If you do not have a commercial license and want to evaluate the Software
please read the terms of the evaluation agreement before you accept.
https://neo4j.com/terms/enterprise_us/

(c) Neo4j Sweden AB. All Rights Reserved.
Use of this Software without a proper commercial license, or evaluation license
with Neo4j, Inc. or its affiliates is prohibited.
Neo4j has the right to terminate your usage if you are not compliant.

Please contact us about licensing via https://neo4j.com/contact-us/

More information is also available at: https://neo4j.com/licensing/

To accept the commercial license agreement, run
    neo4j-admin server license --accept-commercial
To accept the terms of the evaluation agreement, run
    neo4j-admin server license --accept-evaluation

----------------------------------LICENSE AGREEMENT REQUIRED-----------------------------------


2026-03-24 08:16:32.740+0000 INFO  Starting...
2026-03-24 08:16:36.609+0000 INFO  ======== Neo4j 2025.11.2 ========
2026-03-24 08:16:36.885+0000 INFO  This instance is ServerId{79f1ad83} (79f1ad83-bbbe-4bb3-a5a6-ffc31ee18d82)
2026-03-24 08:16:38.211+0000 INFO  Resolved endpoints with LIST{endpoints:'[localhost:6000]'} to '[localhost:6000]'
2026-03-24 08:16:38.475+0000 INFO  Resolved endpoints with LIST{endpoints:'[localhost:6000]'} to '[localhost:6000]'
2026-03-24 08:16:40.900+0000 INFO  Sending metrics to CSV file at C:\Users\84001\.Neo4jDesktop2\Data\dbmss\dbms-8a8bdfe7-99ef-41f8-b5a9-f8826a9fb764\metrics
2026-03-24 08:16:40.941+0000 INFO  Anonymous Usage Data is being sent to Neo4j, see https://neo4j.com/docs/usage-data/
2026-03-24 08:16:40.952+0000 INFO  Bolt enabled on localhost:7687.
2026-03-24 08:16:40.955+0000 INFO  Bolt (Routing) enabled on localhost:7688.
2026-03-24 08:16:42.591+0000 INFO  HTTP enabled on localhost:7474.
2026-03-24 08:16:42.591+0000 INFO  Remote interface available at http://localhost:7474/
2026-03-24 08:16:42.594+0000 INFO  id: 51B88FE8543F11168E8F0E536E3C9C25BE593A1C1E519117C499593231B095A9
2026-03-24 08:16:42.596+0000 INFO  name: system
2026-03-24 08:16:42.596+0000 INFO  creationDate: 2026-01-08T06:17:30.718Z
2026-03-24 08:16:42.596+0000 INFO  Started.
Neo4j web server failed to start. See log for more info.
Run with '--verbose' for a more detailed error message.
[2026-04-21 09:12:00] 启动 Neo4j 服务...
Directories in use:
home:         C:\Users\84001\.Neo4jDesktop2\Data\dbmss\dbms-8a8bdfe7-99ef-41f8-b5a9-f8826a9fb764
config:       C:\Users\84001\.Neo4jDesktop2\Data\dbmss\dbms-8a8bdfe7-99ef-41f8-b5a9-f8826a9fb764\conf
logs:         C:\Users\84001\.Neo4jDesktop2\Data\dbmss\dbms-8a8bdfe7-99ef-41f8-b5a9-f8826a9fb764\logs
plugins:      C:\Users\84001\.Neo4jDesktop2\Data\dbmss\dbms-8a8bdfe7-99ef-41f8-b5a9-f8826a9fb764\plugins
import:       C:\Users\84001\.Neo4jDesktop2\Data\dbmss\dbms-8a8bdfe7-99ef-41f8-b5a9-f8826a9fb764\import
data:         C:\Users\84001\.Neo4jDesktop2\Data\dbmss\dbms-8a8bdfe7-99ef-41f8-b5a9-f8826a9fb764\data
certificates: C:\Users\84001\.Neo4jDesktop2\Data\dbmss\dbms-8a8bdfe7-99ef-41f8-b5a9-f8826a9fb764\certificates
licenses:     C:\Users\84001\.Neo4jDesktop2\Data\dbmss\dbms-8a8bdfe7-99ef-41f8-b5a9-f8826a9fb764\licenses
run:          C:\Users\84001\.Neo4jDesktop2\Data\dbmss\dbms-8a8bdfe7-99ef-41f8-b5a9-f8826a9fb764\run
Starting Neo4j.
2026-04-21 01:12:07.595+0000 INFO  Logging config in use: File 'C:\Users\84001\.Neo4jDesktop2\Data\dbmss\dbms-8a8bdfe7-99ef-41f8-b5a9-f8826a9fb764\conf\user-logs.xml'
2026-04-21 01:12:07.609+0000 ERROR 
----------------------------------LICENSE AGREEMENT REQUIRED-----------------------------------

In order to use Neo4j Enterprise Edition you must accept the license agreement.

The license agreement is available at https://neo4j.com/terms/licensing/
If you have a support contract the following terms apply https://neo4j.com/terms/support-terms/

If you do not have a commercial license and want to evaluate the Software
please read the terms of the evaluation agreement before you accept.
https://neo4j.com/terms/enterprise_us/

(c) Neo4j Sweden AB. All Rights Reserved.
Use of this Software without a proper commercial license, or evaluation license
with Neo4j, Inc. or its affiliates is prohibited.
Neo4j has the right to terminate your usage if you are not compliant.

Please contact us about licensing via https://neo4j.com/contact-us/

More information is also available at: https://neo4j.com/licensing/

To accept the commercial license agreement, run
    neo4j-admin server license --accept-commercial
To accept the terms of the evaluation agreement, run
    neo4j-admin server license --accept-evaluation

----------------------------------LICENSE AGREEMENT REQUIRED-----------------------------------


2026-04-21 01:12:07.826+0000 INFO  Starting...
2026-04-21 01:12:11.050+0000 INFO  ======== Neo4j 2025.11.2 ========
2026-04-21 01:12:11.272+0000 INFO  This instance is ServerId{79f1ad83} (79f1ad83-bbbe-4bb3-a5a6-ffc31ee18d82)
2026-04-21 01:12:12.725+0000 INFO  Resolved endpoints with LIST{endpoints:'[localhost:6000]'} to '[localhost:6000]'
2026-04-21 01:12:12.862+0000 INFO  Resolved endpoints with LIST{endpoints:'[localhost:6000]'} to '[localhost:6000]'
2026-04-21 01:12:14.734+0000 INFO  Sending metrics to CSV file at C:\Users\84001\.Neo4jDesktop2\Data\dbmss\dbms-8a8bdfe7-99ef-41f8-b5a9-f8826a9fb764\metrics
2026-04-21 01:12:14.772+0000 INFO  Anonymous Usage Data is being sent to Neo4j, see https://neo4j.com/docs/usage-data/
2026-04-21 01:12:14.782+0000 INFO  Bolt enabled on localhost:7687.
2026-04-21 01:12:14.785+0000 INFO  Bolt (Routing) enabled on localhost:7688.
2026-04-21 01:12:16.093+0000 INFO  HTTP enabled on localhost:7474.
2026-04-21 01:12:16.093+0000 INFO  Remote interface available at http://localhost:7474/
2026-04-21 01:12:16.095+0000 INFO  id: 51B88FE8543F11168E8F0E536E3C9C25BE593A1C1E519117C499593231B095A9
2026-04-21 01:12:16.097+0000 INFO  name: system
2026-04-21 01:12:16.097+0000 INFO  creationDate: 2026-01-08T06:17:30.718Z
2026-04-21 01:12:16.097+0000 INFO  Started.
